{
  "RSpec": {
    "coverage": {
      "/Users/rajaaboulassouak/turing/2module/rails-projects/gif-generator/spec/features/users/user_authentication_spec.rb": [
        1,
        null,
        1,
        1,
        1,
        1,
        1,
        null,
        1,
        1,
        null,
        1,
        null,
        1,
        1,
        1,
        1,
        1,
        null,
        1,
        1,
        null,
        null,
        null,
        1,
        1,
        1,
        1,
        1,
        1,
        null,
        1,
        1,
        null,
        1,
        null,
        1,
        1,
        1,
        1,
        1,
        null,
        1,
        1,
        null,
        null,
        null,
        1,
        1,
        1,
        1,
        1,
        null,
        1,
        1,
        null,
        1,
        null,
        1,
        1,
        1,
        null,
        1,
        1,
        null,
        1,
        null,
        1,
        1,
        null,
        null,
        null,
        1,
        1,
        1,
        1,
        1,
        null,
        1,
        1,
        null,
        1,
        null,
        1,
        1,
        1,
        null,
        1,
        1,
        null,
        null,
        null,
        null
      ],
      "/Users/rajaaboulassouak/turing/2module/rails-projects/gif-generator/spec/models/gif_spec.rb": [
        1,
        null,
        1,
        1,
        2,
        null,
        null
      ],
      "/Users/rajaaboulassouak/turing/2module/rails-projects/gif-generator/app/models/gif.rb": [
        1,
        1,
        null
      ],
      "/Users/rajaaboulassouak/turing/2module/rails-projects/gif-generator/app/models/application_record.rb": [
        1,
        1,
        null
      ],
      "/Users/rajaaboulassouak/turing/2module/rails-projects/gif-generator/spec/models/user_spec.rb": [
        1,
        null,
        1,
        1,
        2,
        2,
        2,
        null,
        null
      ],
      "/Users/rajaaboulassouak/turing/2module/rails-projects/gif-generator/app/models/user.rb": [
        1,
        1,
        1,
        1,
        1,
        null
      ],
      "/Users/rajaaboulassouak/turing/2module/rails-projects/gif-generator/spec/services/api_service_spec.rb": [
        1,
        1,
        1,
        1,
        0,
        null,
        null
      ],
      "/Users/rajaaboulassouak/turing/2module/rails-projects/gif-generator/app/models/api_service.rb": [
        1,
        1,
        null,
        null,
        1,
        null,
        1,
        0,
        null,
        0,
        0,
        0,
        0,
        null,
        null,
        null,
        1,
        0,
        0,
        null,
        null,
        null,
        null
      ],
      "/Users/rajaaboulassouak/turing/2module/rails-projects/gif-generator/app/controllers/welcome_controller.rb": [
        1,
        null,
        1,
        null,
        null
      ],
      "/Users/rajaaboulassouak/turing/2module/rails-projects/gif-generator/app/controllers/application_controller.rb": [
        1,
        1,
        null,
        null,
        1,
        null,
        null,
        1,
        null,
        16,
        null,
        null,
        null,
        null,
        null,
        null,
        null,
        null
      ],
      "/Users/rajaaboulassouak/turing/2module/rails-projects/gif-generator/app/controllers/users_controller.rb": [
        1,
        null,
        1,
        2,
        null,
        null,
        1,
        3,
        null,
        null,
        1,
        2,
        null,
        2,
        2,
        1,
        1,
        1,
        null,
        1,
        1,
        null,
        null,
        null,
        1,
        null,
        1,
        2,
        null,
        null
      ],
      "/Users/rajaaboulassouak/turing/2module/rails-projects/gif-generator/app/controllers/sessions_controller.rb": [
        1,
        null,
        1,
        null,
        null,
        1,
        null,
        null,
        2,
        null,
        null,
        null,
        2,
        null,
        1,
        1,
        null,
        null,
        1,
        1,
        null,
        null,
        null,
        1,
        null,
        1,
        1,
        null,
        null,
        null
      ],
      "/Users/rajaaboulassouak/turing/2module/rails-projects/gif-generator/app/controllers/gifs_controller.rb": [
        1,
        null,
        1,
        1,
        null,
        null,
        null
      ]
    },
    "timestamp": 1535936886
  }
}
