{
  "RSpec": {
    "coverage": {
      "/Users/rajaaboulassouak/turing/2module/rails-projects/gif-generator/spec/features/user_authentication_spec.rb": [
        1,
        null,
        1,
        1,
        1,
        1,
        1,
        null,
        1,
        1,
        null,
        1,
        null,
        1,
        1,
        1,
        1,
        1,
        null,
        1,
        1,
        null,
        null,
        1,
        1,
        1,
        1,
        null,
        1,
        1,
        null,
        1,
        null,
        1,
        1,
        1,
        1,
        1,
        null,
        1,
        1,
        null,
        null,
        null,
        1,
        1,
        1,
        null,
        1,
        1,
        null,
        1,
        null,
        1,
        1,
        1,
        null,
        1,
        1,
        null,
        1,
        null,
        1,
        1,
        null,
        null,
        null,
        1,
        1,
        1,
        null,
        1,
        1,
        null,
        1,
        null,
        1,
        1,
        1,
        null,
        1,
        1,
        null,
        null,
        null,
        null,
        null
      ],
      "/Users/rajaaboulassouak/turing/2module/rails-projects/gif-generator/spec/features/user_favorite_gifs_spec.rb": [
        1,
        null,
        1,
        1,
        1,
        1,
        1,
        1,
        null,
        1,
        null,
        1,
        1,
        null,
        1,
        1,
        null,
        null,
        null,
        null,
        1,
        1,
        1,
        1,
        1,
        1,
        1,
        null,
        1,
        null,
        1,
        1,
        null,
        1,
        1,
        null,
        null,
        null,
        null
      ],
      "/Users/rajaaboulassouak/turing/2module/rails-projects/gif-generator/spec/features/user_sees_all_gifs_spec.rb": [
        1,
        null,
        1,
        1,
        1,
        1,
        1,
        1,
        null,
        1,
        null,
        1,
        null,
        1,
        1,
        1,
        null,
        null
      ],
      "/Users/rajaaboulassouak/turing/2module/rails-projects/gif-generator/spec/models/category_spec.rb": [
        1,
        null,
        1,
        1,
        2,
        null,
        null,
        1,
        2,
        null,
        null
      ],
      "/Users/rajaaboulassouak/turing/2module/rails-projects/gif-generator/app/models/category.rb": [
        1,
        1,
        null,
        1,
        null
      ],
      "/Users/rajaaboulassouak/turing/2module/rails-projects/gif-generator/app/models/application_record.rb": [
        1,
        1,
        null
      ],
      "/Users/rajaaboulassouak/turing/2module/rails-projects/gif-generator/spec/models/favorite_spec.rb": [
        1,
        null,
        1,
        1,
        2,
        2,
        null,
        null
      ],
      "/Users/rajaaboulassouak/turing/2module/rails-projects/gif-generator/app/models/favorite.rb": [
        1,
        1,
        1,
        null
      ],
      "/Users/rajaaboulassouak/turing/2module/rails-projects/gif-generator/spec/models/gif_spec.rb": [
        1,
        null,
        1,
        1,
        2,
        null,
        null,
        1,
        2,
        null,
        null
      ],
      "/Users/rajaaboulassouak/turing/2module/rails-projects/gif-generator/app/models/gif.rb": [
        1,
        1,
        null,
        1,
        1,
        1,
        null
      ],
      "/Users/rajaaboulassouak/turing/2module/rails-projects/gif-generator/spec/models/user_spec.rb": [
        1,
        null,
        1,
        1,
        2,
        2,
        2,
        null,
        null,
        1,
        1,
        1,
        null,
        1,
        1,
        null,
        null,
        1,
        1,
        null,
        1,
        1,
        null,
        null,
        null
      ],
      "/Users/rajaaboulassouak/turing/2module/rails-projects/gif-generator/app/models/user.rb": [
        1,
        1,
        1,
        1,
        1,
        null,
        1,
        1,
        1,
        null,
        1,
        null
      ],
      "/Users/rajaaboulassouak/turing/2module/rails-projects/gif-generator/app/controllers/welcome_controller.rb": [
        1,
        null,
        1,
        null,
        null
      ],
      "/Users/rajaaboulassouak/turing/2module/rails-projects/gif-generator/app/controllers/application_controller.rb": [
        1,
        1,
        null,
        1,
        null,
        1,
        17,
        null,
        null,
        1,
        2,
        null,
        null,
        null,
        null,
        null,
        null,
        null,
        null,
        null
      ],
      "/Users/rajaaboulassouak/turing/2module/rails-projects/gif-generator/app/controllers/users_controller.rb": [
        1,
        null,
        1,
        5,
        5,
        null,
        null,
        1,
        2,
        null,
        null,
        1,
        2,
        2,
        2,
        1,
        1,
        1,
        null,
        1,
        1,
        null,
        null,
        null,
        1,
        null,
        1,
        2,
        null,
        null
      ],
      "/Users/rajaaboulassouak/turing/2module/rails-projects/gif-generator/app/controllers/sessions_controller.rb": [
        1,
        null,
        1,
        null,
        null,
        1,
        2,
        2,
        1,
        1,
        null,
        1,
        1,
        null,
        null,
        null,
        1,
        1,
        1,
        null,
        null
      ],
      "/Users/rajaaboulassouak/turing/2module/rails-projects/gif-generator/app/controllers/gifs_controller.rb": [
        1,
        null,
        1,
        2,
        2,
        null,
        null,
        null
      ],
      "/Users/rajaaboulassouak/turing/2module/rails-projects/gif-generator/app/controllers/favorites_controller.rb": [
        1,
        null,
        null,
        null,
        null,
        null,
        null,
        1,
        1,
        1,
        null,
        null,
        1,
        1,
        1,
        1,
        null,
        null,
        1,
        1,
        1,
        null,
        null
      ],
      "/Users/rajaaboulassouak/turing/2module/rails-projects/gif-generator/app/controllers/admin/categories_controller.rb": [
        1,
        1,
        1,
        null,
        null
      ],
      "/Users/rajaaboulassouak/turing/2module/rails-projects/gif-generator/app/controllers/admin/base_controller.rb": [
        1,
        1,
        null,
        1,
        2,
        null,
        null
      ]
    },
    "timestamp": 1536094617
  }
}
